[ 2017-05-25T17:16:14+08:00 ] 183.193.183.164 /weiphp/index.php?s=/Admin/Update/delcache.html
INFO: [ app_init ] --START--
INFO: Run Behavior\BuildLiteBehavior [ RunTime:0.000016s ]
INFO: Run Common\Behavior\InitHookBehavior [ RunTime:0.001829s ]
INFO: [ app_init ] --END-- [ RunTime:0.002355s ]
INFO: [ app_begin ] --START--
INFO: Run Behavior\ReadHtmlCacheBehavior [ RunTime:0.000503s ]
INFO: [ app_begin ] --END-- [ RunTime:0.000543s ]
NOTIC: [8] Undefined index: uid /data/home/bxu2359140680/htdocs/weiphp/ThinkPHP/Library/Think/Controller.class.php 第 524 行.
SQL: SELECT `id`,`token` FROM `wp_public`  [ RunTime:0.0016s ]
NOTIC: [8] Undefined offset: -1 /data/home/bxu2359140680/htdocs/weiphp/Application/Common/Model/PublicModel.class.php 第 38 行.
NOTIC: [8] Undefined index: addon_status /data/home/bxu2359140680/htdocs/weiphp/Application/Common/Model/AddonStatusModel.class.php 第 47 行.
NOTIC: [8] Undefined index: group_id /data/home/bxu2359140680/htdocs/weiphp/Application/Common/Model/AddonStatusModel.class.php 第 50 行.
NOTIC: [8] Undefined variable: addons /data/home/bxu2359140680/htdocs/weiphp/Application/Common/Common/function.php 第 501 行.
NOTIC: [8] Undefined variable: addons /data/home/bxu2359140680/htdocs/weiphp/Application/Common/Common/function.php 第 501 行.
NOTIC: [8] Undefined variable: addons /data/home/bxu2359140680/htdocs/weiphp/Application/Common/Common/function.php 第 501 行.
NOTIC: [8] Undefined variable: addons /data/home/bxu2359140680/htdocs/weiphp/Application/Common/Common/function.php 第 501 行.
NOTIC: [8] Undefined variable: addons /data/home/bxu2359140680/htdocs/weiphp/Application/Common/Common/function.php 第 501 行.
NOTIC: [8] Undefined variable: addons /data/home/bxu2359140680/htdocs/weiphp/Application/Common/Common/function.php 第 501 行.
NOTIC: [8] Undefined variable: addons /data/home/bxu2359140680/htdocs/weiphp/Application/Common/Common/function.php 第 501 行.
NOTIC: [8] Undefined variable: addons /data/home/bxu2359140680/htdocs/weiphp/Application/Common/Common/function.php 第 501 行.
NOTIC: [8] Undefined variable: addons /data/home/bxu2359140680/htdocs/weiphp/Application/Common/Common/function.php 第 501 行.
NOTIC: [8] Undefined variable: addons /data/home/bxu2359140680/htdocs/weiphp/Application/Common/Common/function.php 第 501 行.
NOTIC: [8] Undefined variable: addons /data/home/bxu2359140680/htdocs/weiphp/Application/Common/Common/function.php 第 501 行.
NOTIC: [8] Undefined variable: addons /data/home/bxu2359140680/htdocs/weiphp/Application/Common/Common/function.php 第 501 行.
NOTIC: [8] Undefined variable: addons /data/home/bxu2359140680/htdocs/weiphp/Application/Common/Common/function.php 第 501 行.
NOTIC: [8] Undefined variable: addons /data/home/bxu2359140680/htdocs/weiphp/Application/Common/Common/function.php 第 501 行.
NOTIC: [8] Undefined variable: addons /data/home/bxu2359140680/htdocs/weiphp/Application/Common/Common/function.php 第 501 行.
NOTIC: [8] Undefined variable: addons /data/home/bxu2359140680/htdocs/weiphp/Application/Common/Common/function.php 第 501 行.
NOTIC: [8] Undefined variable: addons /data/home/bxu2359140680/htdocs/weiphp/Application/Common/Common/function.php 第 501 行.
NOTIC: [8] Undefined variable: addons /data/home/bxu2359140680/htdocs/weiphp/Application/Common/Common/function.php 第 501 行.
NOTIC: [8] Undefined variable: addons /data/home/bxu2359140680/htdocs/weiphp/Application/Common/Common/function.php 第 501 行.
NOTIC: [8] Undefined variable: addons /data/home/bxu2359140680/htdocs/weiphp/Application/Common/Common/function.php 第 501 行.
NOTIC: [8] Undefined variable: addons /data/home/bxu2359140680/htdocs/weiphp/Application/Common/Common/function.php 第 501 行.
NOTIC: [8] Undefined variable: addons /data/home/bxu2359140680/htdocs/weiphp/Application/Common/Common/function.php 第 501 行.
NOTIC: [8] Undefined variable: addons /data/home/bxu2359140680/htdocs/weiphp/Application/Common/Common/function.php 第 501 行.
NOTIC: [8] Undefined variable: addons /data/home/bxu2359140680/htdocs/weiphp/Application/Common/Common/function.php 第 501 行.
NOTIC: [8] Undefined variable: addons /data/home/bxu2359140680/htdocs/weiphp/Application/Common/Common/function.php 第 501 行.
NOTIC: [8] Undefined variable: addons /data/home/bxu2359140680/htdocs/weiphp/Application/Common/Common/function.php 第 501 行.
NOTIC: [8] Undefined variable: addons /data/home/bxu2359140680/htdocs/weiphp/Application/Common/Common/function.php 第 501 行.
NOTIC: [8] Undefined variable: addons /data/home/bxu2359140680/htdocs/weiphp/Application/Common/Common/function.php 第 501 行.
NOTIC: [8] Undefined variable: addons /data/home/bxu2359140680/htdocs/weiphp/Application/Common/Common/function.php 第 501 行.
NOTIC: [8] Undefined variable: addons /data/home/bxu2359140680/htdocs/weiphp/Application/Common/Common/function.php 第 501 行.
NOTIC: [8] Undefined variable: addons /data/home/bxu2359140680/htdocs/weiphp/Application/Common/Common/function.php 第 501 行.
NOTIC: [8] Undefined variable: addons /data/home/bxu2359140680/htdocs/weiphp/Application/Common/Common/function.php 第 501 行.
NOTIC: [8] Undefined variable: addons /data/home/bxu2359140680/htdocs/weiphp/Application/Common/Common/function.php 第 501 行.
NOTIC: [8] Undefined variable: addons /data/home/bxu2359140680/htdocs/weiphp/Application/Common/Common/function.php 第 501 行.
NOTIC: [8] Undefined variable: addons /data/home/bxu2359140680/htdocs/weiphp/Application/Common/Common/function.php 第 501 行.
NOTIC: [8] Undefined variable: addons /data/home/bxu2359140680/htdocs/weiphp/Application/Common/Common/function.php 第 501 行.
NOTIC: [8] Undefined variable: addons /data/home/bxu2359140680/htdocs/weiphp/Application/Common/Common/function.php 第 501 行.
NOTIC: [8] Undefined variable: addons /data/home/bxu2359140680/htdocs/weiphp/Application/Common/Common/function.php 第 501 行.
NOTIC: [8] Undefined variable: addons /data/home/bxu2359140680/htdocs/weiphp/Application/Common/Common/function.php 第 501 行.
SQL: SELECT * FROM `wp_manager_menu` WHERE `uid` = 1 AND `is_hide` = 0 ORDER BY sort asc, id asc  [ RunTime:0.0015s ]
NOTIC: [8] Undefined variable: addons /data/home/bxu2359140680/htdocs/weiphp/Application/Common/Common/function.php 第 501 行.
NOTIC: [8] Undefined variable: addons /data/home/bxu2359140680/htdocs/weiphp/Application/Common/Common/function.php 第 501 行.
NOTIC: [8] Undefined variable: addons /data/home/bxu2359140680/htdocs/weiphp/Application/Common/Common/function.php 第 501 行.
NOTIC: [8] Undefined variable: addons /data/home/bxu2359140680/htdocs/weiphp/Application/Common/Common/function.php 第 501 行.
NOTIC: [8] Undefined variable: addons /data/home/bxu2359140680/htdocs/weiphp/Application/Common/Common/function.php 第 501 行.
NOTIC: [8] Undefined variable: addons /data/home/bxu2359140680/htdocs/weiphp/Application/Common/Common/function.php 第 501 行.
NOTIC: [8] Undefined variable: addons /data/home/bxu2359140680/htdocs/weiphp/Application/Common/Common/function.php 第 501 行.
NOTIC: [8] Undefined variable: addons /data/home/bxu2359140680/htdocs/weiphp/Application/Common/Common/function.php 第 501 行.
NOTIC: [8] Undefined variable: addons /data/home/bxu2359140680/htdocs/weiphp/Application/Common/Common/function.php 第 501 行.
NOTIC: [8] Undefined offset: 14 /data/home/bxu2359140680/htdocs/weiphp/Application/Common/Model/ManagerMenuModel.class.php 第 106 行.
NOTIC: [8] Undefined offset: 14 /data/home/bxu2359140680/htdocs/weiphp/Application/Common/Model/ManagerMenuModel.class.php 第 116 行.
NOTIC: [8] Undefined offset: 60 /data/home/bxu2359140680/htdocs/weiphp/Application/Common/Model/ManagerMenuModel.class.php 第 106 行.
NOTIC: [8] Undefined offset: 60 /data/home/bxu2359140680/htdocs/weiphp/Application/Common/Model/ManagerMenuModel.class.php 第 116 行.
NOTIC: [8] Undefined index: side /data/home/bxu2359140680/htdocs/weiphp/Application/Common/Model/ManagerMenuModel.class.php 第 179 行.
NOTIC: [8] Undefined index: side /data/home/bxu2359140680/htdocs/weiphp/Application/Common/Model/ManagerMenuModel.class.php 第 179 行.
NOTIC: [8] Undefined index: side /data/home/bxu2359140680/htdocs/weiphp/Application/Common/Model/ManagerMenuModel.class.php 第 179 行.
NOTIC: [8] Undefined index: side /data/home/bxu2359140680/htdocs/weiphp/Application/Common/Model/ManagerMenuModel.class.php 第 179 行.
NOTIC: [8] Undefined index: side /data/home/bxu2359140680/htdocs/weiphp/Application/Common/Model/ManagerMenuModel.class.php 第 179 行.
NOTIC: [8] Undefined index: side /data/home/bxu2359140680/htdocs/weiphp/Application/Common/Model/ManagerMenuModel.class.php 第 179 行.
NOTIC: [8] Undefined index: side /data/home/bxu2359140680/htdocs/weiphp/Application/Common/Model/ManagerMenuModel.class.php 第 179 行.
NOTIC: [8] Undefined index: side /data/home/bxu2359140680/htdocs/weiphp/Application/Common/Model/ManagerMenuModel.class.php 第 179 行.
NOTIC: [8] Undefined index: side /data/home/bxu2359140680/htdocs/weiphp/Application/Common/Model/ManagerMenuModel.class.php 第 179 行.
NOTIC: [8] Undefined index: side /data/home/bxu2359140680/htdocs/weiphp/Application/Common/Model/ManagerMenuModel.class.php 第 179 行.
NOTIC: [8] Undefined index: side /data/home/bxu2359140680/htdocs/weiphp/Application/Common/Model/ManagerMenuModel.class.php 第 179 行.
NOTIC: [8] Undefined index: side /data/home/bxu2359140680/htdocs/weiphp/Application/Common/Model/ManagerMenuModel.class.php 第 179 行.
NOTIC: [8] Undefined index: side /data/home/bxu2359140680/htdocs/weiphp/Application/Common/Model/ManagerMenuModel.class.php 第 179 行.
NOTIC: [8] Undefined index: side /data/home/bxu2359140680/htdocs/weiphp/Application/Common/Model/ManagerMenuModel.class.php 第 179 行.
NOTIC: [8] Undefined index: side /data/home/bxu2359140680/htdocs/weiphp/Application/Common/Model/ManagerMenuModel.class.php 第 179 行.
NOTIC: [8] Undefined index: side /data/home/bxu2359140680/htdocs/weiphp/Application/Common/Model/ManagerMenuModel.class.php 第 179 行.
NOTIC: [8] Undefined index: side /data/home/bxu2359140680/htdocs/weiphp/Application/Common/Model/ManagerMenuModel.class.php 第 179 行.
NOTIC: [8] Undefined index: side /data/home/bxu2359140680/htdocs/weiphp/Application/Common/Model/ManagerMenuModel.class.php 第 179 行.
NOTIC: [8] Undefined index: side /data/home/bxu2359140680/htdocs/weiphp/Application/Common/Model/ManagerMenuModel.class.php 第 179 行.
NOTIC: [8] Undefined index: side /data/home/bxu2359140680/htdocs/weiphp/Application/Common/Model/ManagerMenuModel.class.php 第 179 行.
NOTIC: [8] Undefined index: side /data/home/bxu2359140680/htdocs/weiphp/Application/Common/Model/ManagerMenuModel.class.php 第 179 行.
NOTIC: [8] Undefined index: side /data/home/bxu2359140680/htdocs/weiphp/Application/Common/Model/ManagerMenuModel.class.php 第 179 行.
NOTIC: [8] Undefined index: side /data/home/bxu2359140680/htdocs/weiphp/Application/Common/Model/ManagerMenuModel.class.php 第 179 行.
NOTIC: [8] Undefined index: side /data/home/bxu2359140680/htdocs/weiphp/Application/Common/Model/ManagerMenuModel.class.php 第 179 行.
NOTIC: [8] Undefined index: side /data/home/bxu2359140680/htdocs/weiphp/Application/Common/Model/ManagerMenuModel.class.php 第 179 行.
NOTIC: [8] Undefined index: side /data/home/bxu2359140680/htdocs/weiphp/Application/Common/Model/ManagerMenuModel.class.php 第 179 行.
NOTIC: [8] Undefined index: side /data/home/bxu2359140680/htdocs/weiphp/Application/Common/Model/ManagerMenuModel.class.php 第 179 行.
NOTIC: [8] Undefined index: side /data/home/bxu2359140680/htdocs/weiphp/Application/Common/Model/ManagerMenuModel.class.php 第 179 行.
NOTIC: [8] Undefined index: side /data/home/bxu2359140680/htdocs/weiphp/Application/Common/Model/ManagerMenuModel.class.php 第 179 行.
NOTIC: [8] Undefined index: side /data/home/bxu2359140680/htdocs/weiphp/Application/Common/Model/ManagerMenuModel.class.php 第 179 行.
NOTIC: [8] Undefined index: side /data/home/bxu2359140680/htdocs/weiphp/Application/Common/Model/ManagerMenuModel.class.php 第 179 行.
NOTIC: [8] Undefined index: side /data/home/bxu2359140680/htdocs/weiphp/Application/Common/Model/ManagerMenuModel.class.php 第 179 行.
NOTIC: [8] Undefined index: side /data/home/bxu2359140680/htdocs/weiphp/Application/Common/Model/ManagerMenuModel.class.php 第 179 行.
NOTIC: [8] Undefined index: side /data/home/bxu2359140680/htdocs/weiphp/Application/Common/Model/ManagerMenuModel.class.php 第 179 行.
NOTIC: [8] Undefined index: side /data/home/bxu2359140680/htdocs/weiphp/Application/Common/Model/ManagerMenuModel.class.php 第 179 行.
NOTIC: [8] Undefined index: side /data/home/bxu2359140680/htdocs/weiphp/Application/Common/Model/ManagerMenuModel.class.php 第 179 行.
NOTIC: [8] Undefined index: side /data/home/bxu2359140680/htdocs/weiphp/Application/Common/Model/ManagerMenuModel.class.php 第 179 行.
NOTIC: [8] Undefined index: side /data/home/bxu2359140680/htdocs/weiphp/Application/Common/Model/ManagerMenuModel.class.php 第 179 行.
NOTIC: [8] Undefined index: side /data/home/bxu2359140680/htdocs/weiphp/Application/Common/Model/ManagerMenuModel.class.php 第 179 行.
NOTIC: [8] Undefined index: side /data/home/bxu2359140680/htdocs/weiphp/Application/Common/Model/ManagerMenuModel.class.php 第 179 行.
NOTIC: [8] Undefined index: side /data/home/bxu2359140680/htdocs/weiphp/Application/Common/Model/ManagerMenuModel.class.php 第 179 行.
NOTIC: [8] Undefined offset: 14 /data/home/bxu2359140680/htdocs/weiphp/Application/Common/Model/ManagerMenuModel.class.php 第 185 行.
SQL: SELECT * FROM `wp_public_link` WHERE `uid` = 1  [ RunTime:0.0014s ]
SQL: SELECT `id`,`title` FROM `wp_addons` WHERE `status` = 1  [ RunTime:0.0014s ]
SQL: UPDATE `wp_attribute` SET `extra`='111:帐号配置
93:互动游戏
18:欢迎语
19:微信用户中心
56:自定义菜单
101:微信卡券
39:微官网
42:微信宣传页
48:自定义回复
50:微调研
91:微邀约
97:微抢答
100:通用表单
106:微信红包
107:竞猜
108:微贺卡
110:实物奖励
126:开发者工具箱
128:微名片
130:自动回复
133:支付通
134:投票
137:评论互动
140:没回答的回复
141:工作授权
142:优惠券
143:帮拆礼包
144:会员卡
145:签到
146:微预约
151:短信服务
152:微考试
153:微测试
162:微社区
163:扫码管理
156:比赛抽奖
164:一键绑定公众号
166:XIXI爱拼音
168:亲子游
' WHERE `name` = 'addon_status' [ RunTime:0.0031s ]
SQL: SELECT `id`,`title`,`url` FROM `wp_menu` WHERE `pid` = 0 AND `hide` = 0 ORDER BY sort asc  [ RunTime:0.0014s ]
SQL: SELECT `pid` FROM `wp_menu` WHERE ( pid !=0 AND url like '%Update/delcache%' ) LIMIT 1   [ RunTime:0.0016s ]
SQL: SELECT * FROM `wp_menu` WHERE `id` = 68 LIMIT 1   [ RunTime:0.0014s ]
SQL: SELECT DISTINCT  `group` FROM `wp_menu` WHERE `group` <> '' AND `pid` = 68  [ RunTime:0.0014s ]
SQL: SELECT `id`,`url` FROM `wp_menu` WHERE `pid` = 68 AND `hide` = 0  [ RunTime:0.0014s ]
SQL: SELECT `id`,`pid`,`title`,`url`,`tip` FROM `wp_menu` WHERE `group` = '系统设置' AND `pid` = 68 AND `hide` = 0 ORDER BY sort asc  [ RunTime:0.0014s ]
SQL: SELECT `id`,`pid`,`title`,`url`,`tip` FROM `wp_menu` WHERE `group` = '数据备份' AND `pid` = 68 AND `hide` = 0 ORDER BY sort asc  [ RunTime:0.0014s ]
INFO: [ view_parse ] --START--
INFO: [ template_filter ] --START--
INFO: Run Behavior\ContentReplaceBehavior [ RunTime:0.000120s ]
INFO: [ template_filter ] --END-- [ RunTime:0.000164s ]
NOTIC: [8] Undefined variable: meta_title /data/home/bxu2359140680/htdocs/weiphp/Runtime/Cache/Admin/7448bc5b6c7ede42a8f022f98e8cc17b.php 第 5 行.
SQL: SELECT * FROM `wp_user` WHERE `uid` = 1 LIMIT 1   [ RunTime:0.0027s ]
SQL: SHOW COLUMNS FROM `wp_manager` [ RunTime:0.0017s ]
SQL: SELECT `uid`,`has_public`,`headface_url`,`GammaAppId`,`GammaSecret`,`copy_right`,`tongji_code`,`website_logo` FROM `wp_manager` WHERE ( uid='1' ) LIMIT 1   [ RunTime:0.0014s ]
SQL: SHOW COLUMNS FROM `wp_auth_group_access` [ RunTime:0.0016s ]
SQL: SELECT a.group_id,g.title,g.type,g.icon FROM wp_auth_group_access a INNER JOIN wp_auth_group g on a.group_id=g.id  WHERE ( a.uid='1' and g.status='1' )  [ RunTime:0.0017s ]
SQL: SHOW COLUMNS FROM `wp_public_follow` [ RunTime:0.0017s ]
SQL: SELECT `openid`,`token`,`uid`,`has_subscribe`,`syc_status`,`remark` FROM `wp_public_follow` WHERE ( uid='1' )  [ RunTime:0.0015s ]
NOTIC: [2] Invalid argument supplied for foreach() /data/home/bxu2359140680/htdocs/weiphp/Application/Common/Model/UserModel.class.php 第 251 行.
NOTIC: [8] Undefined index:  /data/home/bxu2359140680/htdocs/weiphp/Application/Common/Model/UserModel.class.php 第 271 行.
NOTIC: [8] Undefined index:  /data/home/bxu2359140680/htdocs/weiphp/Application/Common/Model/UserModel.class.php 第 272 行.
NOTIC: [8192] preg_replace(): The /e modifier is deprecated, use preg_replace_callback instead /data/home/bxu2359140680/htdocs/weiphp/Application/Common/Common/function.php 第 3297 行.
NOTIC: [8] Undefined variable: txt /data/home/bxu2359140680/htdocs/weiphp/Application/Common/Common/function.php 第 3306 行.
SQL: SHOW COLUMNS FROM `wp_user_tag_link` [ RunTime:0.0016s ]
SQL: SELECT `tag_id` FROM `wp_user_tag_link` WHERE `uid` = 1  [ RunTime:0.0014s ]
NOTIC: [2] file_put_contents(./Runtime/Temp/weiphp_931b5b3cad55d64c859ac8fe37543b59.php): failed to open stream: No such file or directory /data/home/bxu2359140680/htdocs/weiphp/ThinkPHP/Library/Think/Cache/Driver/File.class.php 第 137 行.
SQL: SELECT * FROM `wp_user` WHERE `uid` = 1 LIMIT 1   [ RunTime:0.0014s ]
SQL: SELECT `uid`,`has_public`,`headface_url`,`GammaAppId`,`GammaSecret`,`copy_right`,`tongji_code`,`website_logo` FROM `wp_manager` WHERE ( uid='1' ) LIMIT 1   [ RunTime:0.0014s ]
SQL: SHOW COLUMNS FROM `wp_auth_group_access` [ RunTime:0.0017s ]
SQL: SELECT a.group_id,g.title,g.type,g.icon FROM wp_auth_group_access a INNER JOIN wp_auth_group g on a.group_id=g.id  WHERE ( a.uid='1' and g.status='1' )  [ RunTime:0.0014s ]
SQL: SELECT `openid`,`token`,`uid`,`has_subscribe`,`syc_status`,`remark` FROM `wp_public_follow` WHERE ( uid='1' )  [ RunTime:0.0014s ]
NOTIC: [2] Invalid argument supplied for foreach() /data/home/bxu2359140680/htdocs/weiphp/Application/Common/Model/UserModel.class.php 第 251 行.
NOTIC: [8] Undefined index:  /data/home/bxu2359140680/htdocs/weiphp/Application/Common/Model/UserModel.class.php 第 271 行.
NOTIC: [8] Undefined index:  /data/home/bxu2359140680/htdocs/weiphp/Application/Common/Model/UserModel.class.php 第 272 行.
NOTIC: [8192] preg_replace(): The /e modifier is deprecated, use preg_replace_callback instead /data/home/bxu2359140680/htdocs/weiphp/Application/Common/Common/function.php 第 3297 行.
NOTIC: [8] Undefined variable: txt /data/home/bxu2359140680/htdocs/weiphp/Application/Common/Common/function.php 第 3306 行.
SQL: SELECT `tag_id` FROM `wp_user_tag_link` WHERE `uid` = 1  [ RunTime:0.0016s ]
NOTIC: [2] file_put_contents(./Runtime/Temp/weiphp_931b5b3cad55d64c859ac8fe37543b59.php): failed to open stream: No such file or directory /data/home/bxu2359140680/htdocs/weiphp/ThinkPHP/Library/Think/Cache/Driver/File.class.php 第 137 行.
INFO: Run Behavior\ParseTemplateBehavior [ RunTime:0.041165s ]
INFO: [ view_parse ] --END-- [ RunTime:0.041208s ]
INFO: [ view_filter ] --START--
INFO: Run Behavior\WriteHtmlCacheBehavior [ RunTime:0.000312s ]
INFO: [ view_filter ] --END-- [ RunTime:0.000347s ]
INFO: [ app_end ] --START--
INFO: Run Behavior\ShowPageTraceBehavior [ RunTime:0.000664s ]
INFO: Run Behavior\CronRunBehavior [ RunTime:0.000739s ]
INFO: [ app_end ] --END-- [ RunTime:0.001468s ]

[ 2017-05-25T17:23:36+08:00 ] 183.193.183.164 /weiphp/index.php?s=/Admin/Addons/index.html
INFO: [ app_init ] --START--
INFO: Run Behavior\BuildLiteBehavior [ RunTime:0.000016s ]
INFO: Run Common\Behavior\InitHookBehavior [ RunTime:0.002266s ]
INFO: [ app_init ] --END-- [ RunTime:0.002824s ]
INFO: [ app_begin ] --START--
INFO: Run Behavior\ReadHtmlCacheBehavior [ RunTime:0.000543s ]
INFO: [ app_begin ] --END-- [ RunTime:0.000585s ]
NOTIC: [8] Undefined index: uid /data/home/bxu2359140680/htdocs/weiphp/ThinkPHP/Library/Think/Controller.class.php 第 524 行.
SQL: SELECT `id`,`token` FROM `wp_public`  [ RunTime:0.0011s ]
NOTIC: [8] Undefined offset: -1 /data/home/bxu2359140680/htdocs/weiphp/Application/Common/Model/PublicModel.class.php 第 38 行.
NOTIC: [8] Undefined index: addon_status /data/home/bxu2359140680/htdocs/weiphp/Application/Common/Model/AddonStatusModel.class.php 第 47 行.
NOTIC: [8] Undefined index: group_id /data/home/bxu2359140680/htdocs/weiphp/Application/Common/Model/AddonStatusModel.class.php 第 50 行.
NOTIC: [8] Undefined variable: addons /data/home/bxu2359140680/htdocs/weiphp/Application/Common/Common/function.php 第 501 行.
NOTIC: [8] Undefined variable: addons /data/home/bxu2359140680/htdocs/weiphp/Application/Common/Common/function.php 第 501 行.
NOTIC: [8] Undefined variable: addons /data/home/bxu2359140680/htdocs/weiphp/Application/Common/Common/function.php 第 501 行.
NOTIC: [8] Undefined variable: addons /data/home/bxu2359140680/htdocs/weiphp/Application/Common/Common/function.php 第 501 行.
NOTIC: [8] Undefined variable: addons /data/home/bxu2359140680/htdocs/weiphp/Application/Common/Common/function.php 第 501 行.
NOTIC: [8] Undefined variable: addons /data/home/bxu2359140680/htdocs/weiphp/Application/Common/Common/function.php 第 501 行.
NOTIC: [8] Undefined variable: addons /data/home/bxu2359140680/htdocs/weiphp/Application/Common/Common/function.php 第 501 行.
NOTIC: [8] Undefined variable: addons /data/home/bxu2359140680/htdocs/weiphp/Application/Common/Common/function.php 第 501 行.
NOTIC: [8] Undefined variable: addons /data/home/bxu2359140680/htdocs/weiphp/Application/Common/Common/function.php 第 501 行.
NOTIC: [8] Undefined variable: addons /data/home/bxu2359140680/htdocs/weiphp/Application/Common/Common/function.php 第 501 行.
NOTIC: [8] Undefined variable: addons /data/home/bxu2359140680/htdocs/weiphp/Application/Common/Common/function.php 第 501 行.
NOTIC: [8] Undefined variable: addons /data/home/bxu2359140680/htdocs/weiphp/Application/Common/Common/function.php 第 501 行.
NOTIC: [8] Undefined variable: addons /data/home/bxu2359140680/htdocs/weiphp/Application/Common/Common/function.php 第 501 行.
NOTIC: [8] Undefined variable: addons /data/home/bxu2359140680/htdocs/weiphp/Application/Common/Common/function.php 第 501 行.
NOTIC: [8] Undefined variable: addons /data/home/bxu2359140680/htdocs/weiphp/Application/Common/Common/function.php 第 501 行.
NOTIC: [8] Undefined variable: addons /data/home/bxu2359140680/htdocs/weiphp/Application/Common/Common/function.php 第 501 行.
NOTIC: [8] Undefined variable: addons /data/home/bxu2359140680/htdocs/weiphp/Application/Common/Common/function.php 第 501 行.
NOTIC: [8] Undefined variable: addons /data/home/bxu2359140680/htdocs/weiphp/Application/Common/Common/function.php 第 501 行.
NOTIC: [8] Undefined variable: addons /data/home/bxu2359140680/htdocs/weiphp/Application/Common/Common/function.php 第 501 行.
NOTIC: [8] Undefined variable: addons /data/home/bxu2359140680/htdocs/weiphp/Application/Common/Common/function.php 第 501 行.
NOTIC: [8] Undefined variable: addons /data/home/bxu2359140680/htdocs/weiphp/Application/Common/Common/function.php 第 501 行.
NOTIC: [8] Undefined variable: addons /data/home/bxu2359140680/htdocs/weiphp/Application/Common/Common/function.php 第 501 行.
NOTIC: [8] Undefined variable: addons /data/home/bxu2359140680/htdocs/weiphp/Application/Common/Common/function.php 第 501 行.
NOTIC: [8] Undefined variable: addons /data/home/bxu2359140680/htdocs/weiphp/Application/Common/Common/function.php 第 501 行.
NOTIC: [8] Undefined variable: addons /data/home/bxu2359140680/htdocs/weiphp/Application/Common/Common/function.php 第 501 行.
NOTIC: [8] Undefined variable: addons /data/home/bxu2359140680/htdocs/weiphp/Application/Common/Common/function.php 第 501 行.
NOTIC: [8] Undefined variable: addons /data/home/bxu2359140680/htdocs/weiphp/Application/Common/Common/function.php 第 501 行.
NOTIC: [8] Undefined variable: addons /data/home/bxu2359140680/htdocs/weiphp/Application/Common/Common/function.php 第 501 行.
NOTIC: [8] Undefined variable: addons /data/home/bxu2359140680/htdocs/weiphp/Application/Common/Common/function.php 第 501 行.
NOTIC: [8] Undefined variable: addons /data/home/bxu2359140680/htdocs/weiphp/Application/Common/Common/function.php 第 501 行.
NOTIC: [8] Undefined variable: addons /data/home/bxu2359140680/htdocs/weiphp/Application/Common/Common/function.php 第 501 行.
NOTIC: [8] Undefined variable: addons /data/home/bxu2359140680/htdocs/weiphp/Application/Common/Common/function.php 第 501 行.
NOTIC: [8] Undefined variable: addons /data/home/bxu2359140680/htdocs/weiphp/Application/Common/Common/function.php 第 501 行.
NOTIC: [8] Undefined variable: addons /data/home/bxu2359140680/htdocs/weiphp/Application/Common/Common/function.php 第 501 行.
NOTIC: [8] Undefined variable: addons /data/home/bxu2359140680/htdocs/weiphp/Application/Common/Common/function.php 第 501 行.
NOTIC: [8] Undefined variable: addons /data/home/bxu2359140680/htdocs/weiphp/Application/Common/Common/function.php 第 501 行.
NOTIC: [8] Undefined variable: addons /data/home/bxu2359140680/htdocs/weiphp/Application/Common/Common/function.php 第 501 行.
NOTIC: [8] Undefined variable: addons /data/home/bxu2359140680/htdocs/weiphp/Application/Common/Common/function.php 第 501 行.
NOTIC: [8] Undefined variable: addons /data/home/bxu2359140680/htdocs/weiphp/Application/Common/Common/function.php 第 501 行.
SQL: SELECT * FROM `wp_manager_menu` WHERE `uid` = 1 AND `is_hide` = 0 ORDER BY sort asc, id asc  [ RunTime:0.0013s ]
NOTIC: [8] Undefined variable: addons /data/home/bxu2359140680/htdocs/weiphp/Application/Common/Common/function.php 第 501 行.
NOTIC: [8] Undefined variable: addons /data/home/bxu2359140680/htdocs/weiphp/Application/Common/Common/function.php 第 501 行.
NOTIC: [8] Undefined variable: addons /data/home/bxu2359140680/htdocs/weiphp/Application/Common/Common/function.php 第 501 行.
NOTIC: [8] Undefined variable: addons /data/home/bxu2359140680/htdocs/weiphp/Application/Common/Common/function.php 第 501 行.
NOTIC: [8] Undefined variable: addons /data/home/bxu2359140680/htdocs/weiphp/Application/Common/Common/function.php 第 501 行.
NOTIC: [8] Undefined variable: addons /data/home/bxu2359140680/htdocs/weiphp/Application/Common/Common/function.php 第 501 行.
NOTIC: [8] Undefined variable: addons /data/home/bxu2359140680/htdocs/weiphp/Application/Common/Common/function.php 第 501 行.
NOTIC: [8] Undefined variable: addons /data/home/bxu2359140680/htdocs/weiphp/Application/Common/Common/function.php 第 501 行.
NOTIC: [8] Undefined variable: addons /data/home/bxu2359140680/htdocs/weiphp/Application/Common/Common/function.php 第 501 行.
NOTIC: [8] Undefined offset: 14 /data/home/bxu2359140680/htdocs/weiphp/Application/Common/Model/ManagerMenuModel.class.php 第 106 行.
NOTIC: [8] Undefined offset: 14 /data/home/bxu2359140680/htdocs/weiphp/Application/Common/Model/ManagerMenuModel.class.php 第 116 行.
NOTIC: [8] Undefined offset: 60 /data/home/bxu2359140680/htdocs/weiphp/Application/Common/Model/ManagerMenuModel.class.php 第 106 行.
NOTIC: [8] Undefined offset: 60 /data/home/bxu2359140680/htdocs/weiphp/Application/Common/Model/ManagerMenuModel.class.php 第 116 行.
NOTIC: [8] Undefined index: HTTP_REFERER /data/home/bxu2359140680/htdocs/weiphp/Application/Common/Model/ManagerMenuModel.class.php 第 139 行.
NOTIC: [8] Undefined index: side /data/home/bxu2359140680/htdocs/weiphp/Application/Common/Model/ManagerMenuModel.class.php 第 179 行.
NOTIC: [8] Undefined index: side /data/home/bxu2359140680/htdocs/weiphp/Application/Common/Model/ManagerMenuModel.class.php 第 179 行.
NOTIC: [8] Undefined index: side /data/home/bxu2359140680/htdocs/weiphp/Application/Common/Model/ManagerMenuModel.class.php 第 179 行.
NOTIC: [8] Undefined index: side /data/home/bxu2359140680/htdocs/weiphp/Application/Common/Model/ManagerMenuModel.class.php 第 179 行.
NOTIC: [8] Undefined index: side /data/home/bxu2359140680/htdocs/weiphp/Application/Common/Model/ManagerMenuModel.class.php 第 179 行.
NOTIC: [8] Undefined index: side /data/home/bxu2359140680/htdocs/weiphp/Application/Common/Model/ManagerMenuModel.class.php 第 179 行.
NOTIC: [8] Undefined index: side /data/home/bxu2359140680/htdocs/weiphp/Application/Common/Model/ManagerMenuModel.class.php 第 179 行.
NOTIC: [8] Undefined index: side /data/home/bxu2359140680/htdocs/weiphp/Application/Common/Model/ManagerMenuModel.class.php 第 179 行.
NOTIC: [8] Undefined index: side /data/home/bxu2359140680/htdocs/weiphp/Application/Common/Model/ManagerMenuModel.class.php 第 179 行.
NOTIC: [8] Undefined index: side /data/home/bxu2359140680/htdocs/weiphp/Application/Common/Model/ManagerMenuModel.class.php 第 179 行.
NOTIC: [8] Undefined index: side /data/home/bxu2359140680/htdocs/weiphp/Application/Common/Model/ManagerMenuModel.class.php 第 179 行.
NOTIC: [8] Undefined index: side /data/home/bxu2359140680/htdocs/weiphp/Application/Common/Model/ManagerMenuModel.class.php 第 179 行.
NOTIC: [8] Undefined index: side /data/home/bxu2359140680/htdocs/weiphp/Application/Common/Model/ManagerMenuModel.class.php 第 179 行.
NOTIC: [8] Undefined index: side /data/home/bxu2359140680/htdocs/weiphp/Application/Common/Model/ManagerMenuModel.class.php 第 179 行.
NOTIC: [8] Undefined index: side /data/home/bxu2359140680/htdocs/weiphp/Application/Common/Model/ManagerMenuModel.class.php 第 179 行.
NOTIC: [8] Undefined index: side /data/home/bxu2359140680/htdocs/weiphp/Application/Common/Model/ManagerMenuModel.class.php 第 179 行.
NOTIC: [8] Undefined index: side /data/home/bxu2359140680/htdocs/weiphp/Application/Common/Model/ManagerMenuModel.class.php 第 179 行.
NOTIC: [8] Undefined index: side /data/home/bxu2359140680/htdocs/weiphp/Application/Common/Model/ManagerMenuModel.class.php 第 179 行.
NOTIC: [8] Undefined index: side /data/home/bxu2359140680/htdocs/weiphp/Application/Common/Model/ManagerMenuModel.class.php 第 179 行.
NOTIC: [8] Undefined index: side /data/home/bxu2359140680/htdocs/weiphp/Application/Common/Model/ManagerMenuModel.class.php 第 179 行.
NOTIC: [8] Undefined index: side /data/home/bxu2359140680/htdocs/weiphp/Application/Common/Model/ManagerMenuModel.class.php 第 179 行.
NOTIC: [8] Undefined index: side /data/home/bxu2359140680/htdocs/weiphp/Application/Common/Model/ManagerMenuModel.class.php 第 179 行.
NOTIC: [8] Undefined index: side /data/home/bxu2359140680/htdocs/weiphp/Application/Common/Model/ManagerMenuModel.class.php 第 179 行.
NOTIC: [8] Undefined index: side /data/home/bxu2359140680/htdocs/weiphp/Application/Common/Model/ManagerMenuModel.class.php 第 179 行.
NOTIC: [8] Undefined index: side /data/home/bxu2359140680/htdocs/weiphp/Application/Common/Model/ManagerMenuModel.class.php 第 179 行.
NOTIC: [8] Undefined index: side /data/home/bxu2359140680/htdocs/weiphp/Application/Common/Model/ManagerMenuModel.class.php 第 179 行.
NOTIC: [8] Undefined index: side /data/home/bxu2359140680/htdocs/weiphp/Application/Common/Model/ManagerMenuModel.class.php 第 179 行.
NOTIC: [8] Undefined index: side /data/home/bxu2359140680/htdocs/weiphp/Application/Common/Model/ManagerMenuModel.class.php 第 179 行.
NOTIC: [8] Undefined index: side /data/home/bxu2359140680/htdocs/weiphp/Application/Common/Model/ManagerMenuModel.class.php 第 179 行.
NOTIC: [8] Undefined index: side /data/home/bxu2359140680/htdocs/weiphp/Application/Common/Model/ManagerMenuModel.class.php 第 179 行.
NOTIC: [8] Undefined index: side /data/home/bxu2359140680/htdocs/weiphp/Application/Common/Model/ManagerMenuModel.class.php 第 179 行.
NOTIC: [8] Undefined index: side /data/home/bxu2359140680/htdocs/weiphp/Application/Common/Model/ManagerMenuModel.class.php 第 179 行.
NOTIC: [8] Undefined index: side /data/home/bxu2359140680/htdocs/weiphp/Application/Common/Model/ManagerMenuModel.class.php 第 179 行.
NOTIC: [8] Undefined index: side /data/home/bxu2359140680/htdocs/weiphp/Application/Common/Model/ManagerMenuModel.class.php 第 179 行.
NOTIC: [8] Undefined index: side /data/home/bxu2359140680/htdocs/weiphp/Application/Common/Model/ManagerMenuModel.class.php 第 179 行.
NOTIC: [8] Undefined index: side /data/home/bxu2359140680/htdocs/weiphp/Application/Common/Model/ManagerMenuModel.class.php 第 179 行.
NOTIC: [8] Undefined index: side /data/home/bxu2359140680/htdocs/weiphp/Application/Common/Model/ManagerMenuModel.class.php 第 179 行.
NOTIC: [8] Undefined index: side /data/home/bxu2359140680/htdocs/weiphp/Application/Common/Model/ManagerMenuModel.class.php 第 179 行.
NOTIC: [8] Undefined index: side /data/home/bxu2359140680/htdocs/weiphp/Application/Common/Model/ManagerMenuModel.class.php 第 179 行.
NOTIC: [8] Undefined index: side /data/home/bxu2359140680/htdocs/weiphp/Application/Common/Model/ManagerMenuModel.class.php 第 179 行.
NOTIC: [8] Undefined index: side /data/home/bxu2359140680/htdocs/weiphp/Application/Common/Model/ManagerMenuModel.class.php 第 179 行.
NOTIC: [8] Undefined offset: 14 /data/home/bxu2359140680/htdocs/weiphp/Application/Common/Model/ManagerMenuModel.class.php 第 185 行.
SQL: SELECT * FROM `wp_public_link` WHERE `uid` = 1  [ RunTime:0.0012s ]
SQL: SELECT `id`,`title` FROM `wp_addons` WHERE `status` = 1  [ RunTime:0.0011s ]
SQL: UPDATE `wp_attribute` SET `extra`='111:帐号配置
93:互动游戏
18:欢迎语
19:微信用户中心
56:自定义菜单
101:微信卡券
39:微官网
42:微信宣传页
48:自定义回复
50:微调研
91:微邀约
97:微抢答
100:通用表单
106:微信红包
107:竞猜
108:微贺卡
110:实物奖励
126:开发者工具箱
128:微名片
130:自动回复
133:支付通
134:投票
137:评论互动
140:没回答的回复
141:工作授权
142:优惠券
143:帮拆礼包
144:会员卡
145:签到
146:微预约
151:短信服务
152:微考试
153:微测试
162:微社区
163:扫码管理
156:比赛抽奖
164:一键绑定公众号
166:XIXI爱拼音
168:亲子游
' WHERE `name` = 'addon_status' [ RunTime:0.0053s ]
SQL: SHOW COLUMNS FROM `wp_menu` [ RunTime:0.0026s ]
SQL: SELECT `id`,`title`,`url` FROM `wp_menu` WHERE `pid` = 0 AND `hide` = 0 ORDER BY sort asc  [ RunTime:0.0016s ]
SQL: SELECT `pid` FROM `wp_menu` WHERE ( pid !=0 AND url like '%Addons/index%' ) LIMIT 1   [ RunTime:0.0011s ]
SQL: SELECT * FROM `wp_menu` WHERE `id` = 43 LIMIT 1   [ RunTime:0.0016s ]
SQL: SELECT DISTINCT  `group` FROM `wp_menu` WHERE `group` <> '' AND `pid` = 43  [ RunTime:0.0011s ]
SQL: SELECT `id`,`url` FROM `wp_menu` WHERE `pid` = 43 AND `hide` = 0  [ RunTime:0.0011s ]
SQL: SELECT `id`,`pid`,`title`,`url`,`tip` FROM `wp_menu` WHERE `group` = '扩展' AND `pid` = 43 AND `hide` = 0 ORDER BY sort asc  [ RunTime:0.0011s ]
SQL: SELECT `id`,`name`,`title`,`description`,`status`,`config`,`author`,`version`,`create_time`,`has_adminlist`,`type`,`cate_id`,`is_show` FROM `wp_addons` WHERE `name` IN ('Ask','AutoReply','BusinessCard','Card','CardVouchers','Comment','ConfigureAccount','Coupon','CustomMenu','CustomReply','DeveloperTool','Draw','Exam','Forms','Game','Guess','HelpOpen','Invite','Leaflets','NoAnswer','ParentingActivity','Payment','PublicBind','QrAdmin','RealPrize','RedBag','Reserve','Servicer','SingIn','Sms','Survey','Test','UserCenter','Vote','Wecome','WeiSite','Weiba','WishCard','XIXILovePinYin') ORDER BY id desc  [ RunTime:0.0013s ]
SQL: SHOW COLUMNS FROM `wp_addon_category` [ RunTime:0.0017s ]
SQL: SELECT * FROM `wp_addon_category`  [ RunTime:0.0011s ]
INFO: [ view_parse ] --START--
INFO: [ template_filter ] --START--
INFO: Run Behavior\ContentReplaceBehavior [ RunTime:0.000165s ]
INFO: [ template_filter ] --END-- [ RunTime:0.000222s ]
NOTIC: [8] Undefined variable: type /data/home/bxu2359140680/htdocs/weiphp/Runtime/Cache/Admin/50122fa2bddc1c4a2751081bf5f0b5dc.php 第 104 行.
NOTIC: [8] Undefined variable: 0 /data/home/bxu2359140680/htdocs/weiphp/Runtime/Cache/Admin/50122fa2bddc1c4a2751081bf5f0b5dc.php 第 112 行.
NOTIC: [8] Undefined variable: 0 /data/home/bxu2359140680/htdocs/weiphp/Runtime/Cache/Admin/50122fa2bddc1c4a2751081bf5f0b5dc.php 第 113 行.
SQL: SELECT `id`,`token` FROM `wp_public`  [ RunTime:0.0018s ]
NOTIC: [8] Undefined offset: -1 /data/home/bxu2359140680/htdocs/weiphp/Application/Common/Model/PublicModel.class.php 第 38 行.
SQL: SELECT `id`,`token` FROM `wp_public`  [ RunTime:0.0011s ]
NOTIC: [8] Undefined offset: -1 /data/home/bxu2359140680/htdocs/weiphp/Application/Common/Model/PublicModel.class.php 第 38 行.
NOTIC: [2] include_once(./Addons/CardVouchers/config.php): failed to open stream: No such file or directory /data/home/bxu2359140680/htdocs/weiphp/Application/Common/Common/function.php 第 2748 行.
NOTIC: [2] include_once(): Failed opening './Addons/CardVouchers/config.php' for inclusion (include_path='.:/var/www/php55/lib/php') /data/home/bxu2359140680/htdocs/weiphp/Application/Common/Common/function.php 第 2748 行.
NOTIC: [2] Invalid argument supplied for foreach() /data/home/bxu2359140680/htdocs/weiphp/Application/Common/Common/function.php 第 2749 行.
SQL: SELECT `id`,`token` FROM `wp_public`  [ RunTime:0.0011s ]
NOTIC: [8] Undefined offset: -1 /data/home/bxu2359140680/htdocs/weiphp/Application/Common/Model/PublicModel.class.php 第 38 行.
NOTIC: [2] include_once(./Addons/Forms/config.php): failed to open stream: No such file or directory /data/home/bxu2359140680/htdocs/weiphp/Application/Common/Common/function.php 第 2748 行.
NOTIC: [2] include_once(): Failed opening './Addons/Forms/config.php' for inclusion (include_path='.:/var/www/php55/lib/php') /data/home/bxu2359140680/htdocs/weiphp/Application/Common/Common/function.php 第 2748 行.
NOTIC: [2] Invalid argument supplied for foreach() /data/home/bxu2359140680/htdocs/weiphp/Application/Common/Common/function.php 第 2749 行.
SQL: SELECT `id`,`token` FROM `wp_public`  [ RunTime:0.0011s ]
NOTIC: [8] Undefined offset: -1 /data/home/bxu2359140680/htdocs/weiphp/Application/Common/Model/PublicModel.class.php 第 38 行.
NOTIC: [2] include_once(./Addons/Guess/config.php): failed to open stream: No such file or directory /data/home/bxu2359140680/htdocs/weiphp/Application/Common/Common/function.php 第 2748 行.
NOTIC: [2] include_once(): Failed opening './Addons/Guess/config.php' for inclusion (include_path='.:/var/www/php55/lib/php') /data/home/bxu2359140680/htdocs/weiphp/Application/Common/Common/function.php 第 2748 行.
NOTIC: [2] Invalid argument supplied for foreach() /data/home/bxu2359140680/htdocs/weiphp/Application/Common/Common/function.php 第 2749 行.
SQL: SELECT `id`,`token` FROM `wp_public`  [ RunTime:0.0011s ]
NOTIC: [8] Undefined offset: -1 /data/home/bxu2359140680/htdocs/weiphp/Application/Common/Model/PublicModel.class.php 第 38 行.
NOTIC: [2] include_once(./Addons/WishCard/config.php): failed to open stream: No such file or directory /data/home/bxu2359140680/htdocs/weiphp/Application/Common/Common/function.php 第 2748 行.
NOTIC: [2] include_once(): Failed opening './Addons/WishCard/config.php' for inclusion (include_path='.:/var/www/php55/lib/php') /data/home/bxu2359140680/htdocs/weiphp/Application/Common/Common/function.php 第 2748 行.
NOTIC: [2] Invalid argument supplied for foreach() /data/home/bxu2359140680/htdocs/weiphp/Application/Common/Common/function.php 第 2749 行.
SQL: SELECT `id`,`token` FROM `wp_public`  [ RunTime:0.0011s ]
NOTIC: [8] Undefined offset: -1 /data/home/bxu2359140680/htdocs/weiphp/Application/Common/Model/PublicModel.class.php 第 38 行.
NOTIC: [2] include_once(./Addons/DeveloperTool/config.php): failed to open stream: No such file or directory /data/home/bxu2359140680/htdocs/weiphp/Application/Common/Common/function.php 第 2748 行.
NOTIC: [2] include_once(): Failed opening './Addons/DeveloperTool/config.php' for inclusion (include_path='.:/var/www/php55/lib/php') /data/home/bxu2359140680/htdocs/weiphp/Application/Common/Common/function.php 第 2748 行.
NOTIC: [2] Invalid argument supplied for foreach() /data/home/bxu2359140680/htdocs/weiphp/Application/Common/Common/function.php 第 2749 行.
SQL: SELECT `id`,`token` FROM `wp_public`  [ RunTime:0.0011s ]
NOTIC: [8] Undefined offset: -1 /data/home/bxu2359140680/htdocs/weiphp/Application/Common/Model/PublicModel.class.php 第 38 行.
SQL: SELECT `id`,`token` FROM `wp_public`  [ RunTime:0.0013s ]
NOTIC: [8] Undefined offset: -1 /data/home/bxu2359140680/htdocs/weiphp/Application/Common/Model/PublicModel.class.php 第 38 行.
NOTIC: [2] include_once(./Addons/RealPrize/config.php): failed to open stream: No such file or directory /data/home/bxu2359140680/htdocs/weiphp/Application/Common/Common/function.php 第 2748 行.
NOTIC: [2] include_once(): Failed opening './Addons/RealPrize/config.php' for inclusion (include_path='.:/var/www/php55/lib/php') /data/home/bxu2359140680/htdocs/weiphp/Application/Common/Common/function.php 第 2748 行.
NOTIC: [2] Invalid argument supplied for foreach() /data/home/bxu2359140680/htdocs/weiphp/Application/Common/Common/function.php 第 2749 行.
SQL: SELECT `id`,`token` FROM `wp_public`  [ RunTime:0.0011s ]
NOTIC: [8] Undefined offset: -1 /data/home/bxu2359140680/htdocs/weiphp/Application/Common/Model/PublicModel.class.php 第 38 行.
SQL: SELECT `id`,`token` FROM `wp_public`  [ RunTime:0.0011s ]
NOTIC: [8] Undefined offset: -1 /data/home/bxu2359140680/htdocs/weiphp/Application/Common/Model/PublicModel.class.php 第 38 行.
NOTIC: [2] include_once(./Addons/Game/config.php): failed to open stream: No such file or directory /data/home/bxu2359140680/htdocs/weiphp/Application/Common/Common/function.php 第 2748 行.
NOTIC: [2] include_once(): Failed opening './Addons/Game/config.php' for inclusion (include_path='.:/var/www/php55/lib/php') /data/home/bxu2359140680/htdocs/weiphp/Application/Common/Common/function.php 第 2748 行.
NOTIC: [2] Invalid argument supplied for foreach() /data/home/bxu2359140680/htdocs/weiphp/Application/Common/Common/function.php 第 2749 行.
SQL: SELECT `id`,`token` FROM `wp_public`  [ RunTime:0.0012s ]
NOTIC: [8] Undefined offset: -1 /data/home/bxu2359140680/htdocs/weiphp/Application/Common/Model/PublicModel.class.php 第 38 行.
SQL: SELECT `id`,`token` FROM `wp_public`  [ RunTime:0.0013s ]
NOTIC: [8] Undefined offset: -1 /data/home/bxu2359140680/htdocs/weiphp/Application/Common/Model/PublicModel.class.php 第 38 行.
SQL: SELECT `id`,`token` FROM `wp_public`  [ RunTime:0.0011s ]
NOTIC: [8] Undefined offset: -1 /data/home/bxu2359140680/htdocs/weiphp/Application/Common/Model/PublicModel.class.php 第 38 行.
SQL: SELECT `id`,`token` FROM `wp_public`  [ RunTime:0.0011s ]
NOTIC: [8] Undefined offset: -1 /data/home/bxu2359140680/htdocs/weiphp/Application/Common/Model/PublicModel.class.php 第 38 行.
SQL: SELECT `id`,`token` FROM `wp_public`  [ RunTime:0.0011s ]
NOTIC: [8] Undefined offset: -1 /data/home/bxu2359140680/htdocs/weiphp/Application/Common/Model/PublicModel.class.php 第 38 行.
NOTIC: [2] include_once(./Addons/CustomReply/config.php): failed to open stream: No such file or directory /data/home/bxu2359140680/htdocs/weiphp/Application/Common/Common/function.php 第 2748 行.
NOTIC: [2] include_once(): Failed opening './Addons/CustomReply/config.php' for inclusion (include_path='.:/var/www/php55/lib/php') /data/home/bxu2359140680/htdocs/weiphp/Application/Common/Common/function.php 第 2748 行.
NOTIC: [2] Invalid argument supplied for foreach() /data/home/bxu2359140680/htdocs/weiphp/Application/Common/Common/function.php 第 2749 行.
SQL: SELECT `id`,`token` FROM `wp_public`  [ RunTime:0.0011s ]
NOTIC: [8] Undefined offset: -1 /data/home/bxu2359140680/htdocs/weiphp/Application/Common/Model/PublicModel.class.php 第 38 行.
NOTIC: [2] include_once(./Addons/Invite/config.php): failed to open stream: No such file or directory /data/home/bxu2359140680/htdocs/weiphp/Application/Common/Common/function.php 第 2748 行.
NOTIC: [2] include_once(): Failed opening './Addons/Invite/config.php' for inclusion (include_path='.:/var/www/php55/lib/php') /data/home/bxu2359140680/htdocs/weiphp/Application/Common/Common/function.php 第 2748 行.
NOTIC: [2] Invalid argument supplied for foreach() /data/home/bxu2359140680/htdocs/weiphp/Application/Common/Common/function.php 第 2749 行.
SQL: SELECT `id`,`token` FROM `wp_public`  [ RunTime:0.0011s ]
NOTIC: [8] Undefined offset: -1 /data/home/bxu2359140680/htdocs/weiphp/Application/Common/Model/PublicModel.class.php 第 38 行.
NOTIC: [2] include_once(./Addons/CustomMenu/config.php): failed to open stream: No such file or directory /data/home/bxu2359140680/htdocs/weiphp/Application/Common/Common/function.php 第 2748 行.
NOTIC: [2] include_once(): Failed opening './Addons/CustomMenu/config.php' for inclusion (include_path='.:/var/www/php55/lib/php') /data/home/bxu2359140680/htdocs/weiphp/Application/Common/Common/function.php 第 2748 行.
NOTIC: [2] Invalid argument supplied for foreach() /data/home/bxu2359140680/htdocs/weiphp/Application/Common/Common/function.php 第 2749 行.
SQL: SELECT `id`,`token` FROM `wp_public`  [ RunTime:0.0011s ]
NOTIC: [8] Undefined offset: -1 /data/home/bxu2359140680/htdocs/weiphp/Application/Common/Model/PublicModel.class.php 第 38 行.
NOTIC: [2] include_once(./Addons/Survey/config.php): failed to open stream: No such file or directory /data/home/bxu2359140680/htdocs/weiphp/Application/Common/Common/function.php 第 2748 行.
NOTIC: [2] include_once(): Failed opening './Addons/Survey/config.php' for inclusion (include_path='.:/var/www/php55/lib/php') /data/home/bxu2359140680/htdocs/weiphp/Application/Common/Common/function.php 第 2748 行.
NOTIC: [2] Invalid argument supplied for foreach() /data/home/bxu2359140680/htdocs/weiphp/Application/Common/Common/function.php 第 2749 行.
SQL: SELECT `id`,`token` FROM `wp_public`  [ RunTime:0.0011s ]
NOTIC: [8] Undefined offset: -1 /data/home/bxu2359140680/htdocs/weiphp/Application/Common/Model/PublicModel.class.php 第 38 行.
SQL: SELECT `id`,`token` FROM `wp_public`  [ RunTime:0.0011s ]
NOTIC: [8] Undefined offset: -1 /data/home/bxu2359140680/htdocs/weiphp/Application/Common/Model/PublicModel.class.php 第 38 行.
NOTIC: [2] include_once(./Addons/AutoReply/config.php): failed to open stream: No such file or directory /data/home/bxu2359140680/htdocs/weiphp/Application/Common/Common/function.php 第 2748 行.
NOTIC: [2] include_once(): Failed opening './Addons/AutoReply/config.php' for inclusion (include_path='.:/var/www/php55/lib/php') /data/home/bxu2359140680/htdocs/weiphp/Application/Common/Common/function.php 第 2748 行.
NOTIC: [2] Invalid argument supplied for foreach() /data/home/bxu2359140680/htdocs/weiphp/Application/Common/Common/function.php 第 2749 行.
INFO: Run Behavior\ParseTemplateBehavior [ RunTime:0.079784s ]
INFO: [ view_parse ] --END-- [ RunTime:0.079835s ]
INFO: [ view_filter ] --START--
INFO: Run Behavior\WriteHtmlCacheBehavior [ RunTime:0.000275s ]
INFO: [ view_filter ] --END-- [ RunTime:0.000309s ]
INFO: [ app_end ] --START--
INFO: Run Behavior\ShowPageTraceBehavior [ RunTime:0.000578s ]
INFO: Run Behavior\CronRunBehavior [ RunTime:0.000753s ]
INFO: [ app_end ] --END-- [ RunTime:0.001395s ]

